=== 2026-02-24T20:59:52+00:00 ===
Comando: /usr/bin/docker run --rm --pull=always -e URL_CENTRAL='https://central.dbnet.com.vc/central_assinante_web' -e LOGIN_CENTRAL='clienteAppCentral' -e SENHA_CENTRAL='YEfuDp3EX9zVRFv33Mpe' -e deviceType='android' -v '/var/www/html/onboarding/printScreen/Files/screenshots':/cypress/screenshots 'harbor.ixcsoft.com.br/papaya/fastprint:latest'
Status: 127
Output:
sh: 1: /usr/bin/docker: not found

=== 2026-02-24T21:03:56+00:00 ===
Comando: /usr/bin/docker run --rm --pull=always -e URL_CENTRAL='https://central.dbnet.com.vc/central_assinante_web' -e LOGIN_CENTRAL='clienteAppCentral' -e SENHA_CENTRAL='YEfuDp3EX9zVRFv33Mpe' -e deviceType='android' -v '/var/www/html/onboarding/printScreen/Files/screenshots':/cypress/screenshots 'harbor.ixcsoft.com.br/papaya/fastprint:latest'
Status: 127
Output:
sh: 1: /usr/bin/docker: not found

=== 2026-02-24T21:03:59+00:00 ===
Comando: /usr/bin/docker run --rm --pull=always -e URL_CENTRAL='https://central.dbnet.com.vc/central_assinante_web' -e LOGIN_CENTRAL='clienteAppCentral' -e SENHA_CENTRAL='YEfuDp3EX9zVRFv33Mpe' -e deviceType='android' -v '/var/www/html/onboarding/printScreen/Files/screenshots':/cypress/screenshots 'harbor.ixcsoft.com.br/papaya/fastprint:latest'
Status: 127
Output:
sh: 1: /usr/bin/docker: not found

=== 2026-02-24T21:04:03+00:00 ===
Comando: /usr/bin/docker run --rm --pull=always -e URL_CENTRAL='https://central.dbnet.com.vc/central_assinante_web' -e LOGIN_CENTRAL='clienteAppCentral' -e SENHA_CENTRAL='YEfuDp3EX9zVRFv33Mpe' -e deviceType='android' -v '/var/www/html/onboarding/printScreen/Files/screenshots':/cypress/screenshots 'harbor.ixcsoft.com.br/papaya/fastprint:latest'
Status: 127
Output:
sh: 1: /usr/bin/docker: not found

=== 2026-02-24T21:04:09+00:00 ===
Comando: /usr/bin/docker run --rm --pull=always -e URL_CENTRAL='https://central.dbnet.com.vc/central_assinante_web' -e LOGIN_CENTRAL='clienteAppCentral' -e SENHA_CENTRAL='YEfuDp3EX9zVRFv33Mpe' -e deviceType='android' -v '/var/www/html/onboarding/printScreen/Files/screenshots':/cypress/screenshots 'harbor.ixcsoft.com.br/papaya/fastprint:latest'
Status: 127
Output:
sh: 1: /usr/bin/docker: not found

